{"level":"info","message":"Connection. Method: GET, url: /"}
{"level":"info","message":"Connection. Method: GET, url: /"}
{"level":"info","message":"Connection. Method: GET, url: /checkStatus"}
{"level":"info","message":"Connection. Method: GET, url: /checkStatus"}
{"level":"info","message":"Connection. Method: GET, url: /checkStatus"}
{"level":"info","message":"Connection. Method: GET, url: /checkStatus"}
{"level":"info","message":"Connection. Method: GET, url: /getKey"}
{"level":"info","message":"Connection. Method: GET, url: /getKey"}
{"level":"info","message":"Connection. Method: GET, url: /getKey"}
{"level":"info","message":"Connection. Method: GET, url: /getKey","timestamp":"2022-02-03T14:59:27.051Z"}
{"level":"info","message":"Connection. Method: GET, url: /getKey"}
{"level":"info","message":"Connection. Method: GET, url: /getKey"}
{"level":"info","message":"Srver starteed, listening on 80"}
{"level":"info","message":"Srver started, listening on 80"}
{"level":"info","message":"Srver started, listening on 80"}
{"level":"info","message":"Srver started, listening on 80"}
{"level":"info","message":"Srver started, listening on 80"}
{"level":"info","message":"Srver started, listening on 80"}
{"level":"info","message":"Connection. Method: GET, url: /"}
{"level":"info","message":"Connection. Method: GET, url: /createSession"}
{"level":"info","message":"Srver started, listening on 80"}
{"level":"info","message":"Connection. Method: GET, url: /createSession"}
{"level":"error","message":"No valid in Key provided"}
{"level":"info","message":"Srver started, listening on 80"}
{"level":"info","message":"Connection. Method: POST, url: /createSession"}
{"level":"error","message":"No valid in Key provided"}
{"level":"info","message":"Connection. Method: POST, url: /createSession"}
{"level":"info","message":"Srver started, listening on 80"}
{"level":"info","message":"Connection. Method: POST, url: /createSession"}
{"level":"info","message":"Srver started, listening on 80"}
{"level":"info","message":"Connection. Method: POST, url: /createSession"}
{"level":"info","message":"Srver started, listening on 80"}
{"level":"info","message":"Connection. Method: POST, url: /createSession"}
{"level":"info","message":"Srver started, listening on 80"}
{"level":"info","message":"Srver started, listening on 80"}
{"level":"info","message":"Srver started, listening on 80"}
{"level":"info","message":"Connection. Method: POST, url: /createSession"}
{"level":"info","message":"Srver started, listening on 80"}
{"level":"info","message":"Connection. Method: POST, url: /createSession"}
{"level":"info","message":"Srver started, listening on 80"}
{"level":"info","message":"Srver started, listening on 80"}
{"level":"info","message":"Connection. Method: POST, url: /createSession"}
{"level":"info","message":"Srver started, listening on 80"}
{"level":"info","message":"Connection. Method: POST, url: /createSession"}
{"level":"info","message":"Srver started, listening on 80"}
{"level":"info","message":"Connection. Method: POST, url: /createSession"}
{"level":"error"}
{"level":"info","message":"Srver started, listening on 80"}
{"level":"info","message":"Srver started, listening on 80"}
{"level":"info","message":"Connection. Method: POST, url: /createSession"}
{"level":"error"}
{"level":"info","message":"Srver started, listening on 80"}
{"level":"info","message":"Connection. Method: POST, url: /createSession"}
{"level":"error"}
{"level":"info","message":"Srver started, listening on 80"}
{"level":"info","message":"Connection. Method: POST, url: /createSession"}
{"level":"error"}
{"level":"info","message":"Srver started, listening on 80"}
{"level":"info","message":"Connection. Method: POST, url: /createSession"}
{"level":"error"}
{"level":"info","message":"Srver started, listening on 80"}
{"level":"info","message":"Connection. Method: POST, url: /createSession"}
{"level":"error"}
{"level":"info","message":"Srver started, listening on 80"}
{"level":"info","message":"Connection. Method: POST, url: /createSession"}
{"level":"error"}
{"level":"info","message":"Srver started, listening on 80"}
{"level":"info","message":"Connection. Method: POST, url: /createSession"}
{"level":"error"}
{"level":"info","message":"Srver started, listening on 80"}
{"level":"info","message":"Connection. Method: POST, url: /createSession"}
{"level":"error"}
{"level":"info","message":"Connection. Method: POST, url: /createSession"}
{"level":"error"}
{"level":"info","message":"Srver started, listening on 80"}
{"level":"info","message":"Connection. Method: POST, url: /createSession"}
{"level":"error"}
{"level":"info","message":"Srver started, listening on 80"}
{"level":"info","message":"Srver started, listening on 80"}
{"level":"info","message":"Connection. Method: POST, url: /createSession"}
{"level":"info","message":"Srver started, listening on 80"}
{"level":"info","message":"Connection. Method: POST, url: /createSession"}
{"level":"error"}
{"level":"info","message":"Srver started, listening on 80"}
{"level":"info","message":"Connection. Method: POST, url: /createSession"}
{"level":"info","message":"Connection. Method: POST, url: /createSession"}
{"level":"info","message":"Srver started, listening on 80"}
{"level":"info","message":"Srver started, listening on 80"}
{"level":"info","message":"Srver started, listening on 80"}
{"level":"info","message":"Srver started, listening on 80"}
{"level":"info","message":"Connection. Method: POST, url: /createSession"}
{"level":"info","message":"Srver started, listening on 80"}
{"level":"info","message":"Srver started, listening on 80"}
{"level":"info","message":"Srver started, listening on 80"}
{"level":"info","message":"Srver started, listening on 80"}
{"level":"info","message":"Srver started, listening on 80"}
{"level":"info","message":"Srver started, listening on 80"}
{"level":"info","message":"Srver started, listening on 80"}
{"level":"info","message":"Srver started, listening on 80"}
{"level":"info","message":"Srver started, listening on 80"}
{"level":"info","message":"Connection. Method: POST, url: /createSession"}
{"level":"error"}
{"level":"error","timestamp":"04:25:52 05-02-2022"}
{"level":"info","message":"Srver started, listening on 80"}
{"level":"info","message":"Connection. Method: POST, url: /createSession"}
{"level":"error"}
{"level":"info","message":"Srver started, listening on 80"}
{"level":"info","message":"Connection. Method: POST, url: /createSession"}
{"level":"error"}
{"level":"info","message":"Srver started, listening on 80"}
{"level":"info","message":"Connection. Method: POST, url: /createSession"}
{"level":"error"}
{"level":"info","message":"Srver started, listening on 80"}
{"level":"info","message":"Connection. Method: POST, url: /createSession"}
{"level":"error"}
{"level":"info","message":"Srver started, listening on 80"}
{"level":"info","message":"Connection. Method: POST, url: /createSession"}
{"level":"error"}
{"level":"info","message":"Srver started, listening on 80"}
{"level":"info","message":"Connection. Method: POST, url: /createSession"}
{"level":"error"}
{"level":"info","message":"Srver started, listening on 80"}
{"level":"info","message":"Connection. Method: POST, url: /createSession"}
{"level":"error"}
{"level":"info","message":"Srver started, listening on 80"}
{"level":"info","message":"Connection. Method: POST, url: /createSession"}
{"level":"error"}
{"level":"info","message":"Srver started, listening on 80"}
{"level":"info","message":"Connection. Method: POST, url: /createSession"}
{"level":"error"}
{"level":"info","message":"Srver started, listening on 80"}
{"level":"info","message":"Connection. Method: POST, url: /createSession"}
{"level":"error"}
{"level":"info","message":"Srver started, listening on 80"}
{"level":"info","message":"Connection. Method: POST, url: /createSession"}
{"level":"error"}
{"level":"info","message":"Srver started, listening on 80"}
{"level":"info","message":"Connection. Method: POST, url: /createSession"}
{"level":"info","message":"Srver started, listening on 80"}
{"level":"info","message":"Srver started, listening on 80"}
{"level":"info","message":"Connection. Method: POST, url: /createSession"}
{"level":"info","message":"Srver started, listening on 80"}
{"level":"info","message":"Server started, listening on 80"}
{"level":"info","message":"Connection. Method: GET, url: /getKey"}
{"level":"info","message":"Connection. Method: GET, url: /getKey"}
{"level":"info","message":"Server started, listening on 80"}
{"level":"info","message":"Connection. Method: GET, url: /getKey"}
{"level":"info","message":"Server started, listening on 80"}
{"level":"info","message":"Connection. Method: GET, url: /getKey"}
{"level":"error"}
{"level":"info","message":"Server started, listening on 80"}
{"level":"info","message":"Connection. Method: GET, url: /getKey"}
{"level":"error"}
{"level":"info","message":"Server started, listening on 80"}
{"level":"info","message":"Connection. Method: GET, url: /getKey"}
{"level":"error"}
{"level":"info","message":"Server started, listening on 80"}
{"level":"info","message":"Connection. Method: GET, url: /getKey"}
{"level":"error"}
{"level":"info","message":"Server started, listening on 80"}
{"level":"info","message":"Connection. Method: GET, url: /getKey"}
{"level":"error"}
{"level":"info","message":"Server started, listening on 80"}
{"level":"info","message":"Connection. Method: GET, url: /getKey"}
{"level":"error"}
{"level":"info","message":"Server started, listening on 80"}
{"level":"info","message":"Connection. Method: GET, url: /getKey"}
{"level":"error"}
{"level":"info","message":"Server started, listening on 80"}
{"level":"info","message":"Connection. Method: GET, url: /getKey"}
{"level":"error"}
{"level":"info","message":"Server started, listening on 80"}
{"level":"info","message":"Connection. Method: GET, url: /getKey"}
{"level":"error"}
{"level":"info","message":"Server started, listening on 80"}
{"level":"info","message":"Connection. Method: GET, url: /getKey"}
{"level":"error"}
{"level":"info","message":"Server started, listening on 80"}
{"level":"info","message":"Connection. Method: GET, url: /getKey"}
{"level":"error"}
{"level":"info","message":"Server started, listening on 80"}
{"level":"info","message":"Server started, listening on 80"}
{"level":"info","message":"Connection. Method: GET, url: /getKey"}
{"level":"info","message":"Server started, listening on 80"}
{"level":"info","message":"Server started, listening on 80"}
{"level":"info","message":"Connection. Method: GET, url: /getKey"}
{"level":"info","message":"Server started, listening on 80"}
{"level":"info","message":"Connection. Method: GET, url: /createSession"}
{"level":"info","message":"Connection. Method: POST, url: /createSession"}
{"level":"info","message":"Connection. Method: POST, url: /createSession"}
{"level":"info","message":"Connection. Method: GET, url: /getKey"}
{"level":"error","message":"invalid key type"}
{"level":"info","message":"Server started, listening on 80"}
{"level":"info","message":"Server started, listening on 80"}
{"level":"info","message":"Server started, listening on 80"}
{"level":"info","message":"Server started, listening on 80"}
{"level":"info","message":"Server started, listening on 80"}
{"level":"info","message":"Connection. Method: POST, url: /createSession"}
{"level":"info","message":"Server started, listening on 80"}
{"level":"info","message":"Server started, listening on 80"}
{"level":"info","message":"Connection. Method: POST, url: /createSession"}
{"level":"info","message":"Server started, listening on 80"}
{"level":"info","message":"Connection. Method: GET, url: /getKey"}
{"level":"info","message":"Connection. Method: POST, url: /createSession"}
{"level":"info","message":"Server started, listening on 80"}
{"level":"info","message":"Connection. Method: POST, url: /createSession"}
{"level":"info","message":"Server started, listening on 80"}
{"level":"info","message":"Connection. Method: POST, url: /createSession"}
{"level":"info","message":"Server started, listening on 80"}
{"level":"info","message":"Connection. Method: POST, url: /createSession"}
{"level":"info","message":"Server started, listening on 80"}
{"level":"warn","message":"attempt to create session without valid key"}
{"level":"info","message":"Server started, listening on 80"}
{"level":"info","message":"Server started, listening on 80"}
{"level":"warn","message":"attempt to take action without valid key on /"}
{"level":"warn","message":"attempt to take action without valid key on /"}
{"level":"info","message":"Server started, listening on 80"}
{"level":"info","message":"Server started, listening on 80"}
{"level":"info","message":"Connection. Method: GET, url: /getKey"}
{"level":"warn","message":"attempt to take action without valid key on /"}
{"level":"info","message":"Server started, listening on 80"}
{"level":"warn","message":"attempt to take action without valid key on /"}
{"level":"info","message":"Server started, listening on 80"}
{"level":"info","message":"Connection. Method: POST, url: /createSession"}
{"level":"warn","message":"attempt to take action without valid key on /"}
{"level":"info","message":"Server started, listening on 80"}
{"level":"info","message":"Server started, listening on 80"}
{"level":"warn","message":"attempt to take action without valid key on /"}
{"level":"info","message":"Connection. Method: GET, url: /getKey"}
{"level":"info","message":"Connection. Method: POST, url: /createSession"}
{"level":"info","message":"Server started, listening on 80"}
{"level":"info","message":"Server started, listening on 80"}
{"level":"info","message":"Connection. Method: GET, url: /commands/addCommand"}
{"level":"info","message":"Server started, listening on 80"}
{"level":"info","message":"Server started, listening on 80"}
{"level":"info","message":"Connection. Method: POST, url: /commands/addCommand"}
{"level":"error"}
{"level":"info","message":"Connection. Method: POST, url: /commands/addCommand"}
{"level":"error"}
{"level":"info","message":"Server started, listening on 80"}
{"level":"info","message":"Connection. Method: POST, url: /commands/addCommand"}
{"level":"info","message":"Server started, listening on 80"}
{"level":"info","message":"Connection. Method: POST, url: /commands/addCommand"}
{"level":"warn","message":"attempt to take action without valid key on /addCommand"}
{"level":"info","message":"Connection. Method: GET, url: /getKey"}
{"level":"info","message":"Connection. Method: POST, url: /commands/addCommand"}
{"level":"info","message":"Connection. Method: POST, url: /commands/addCommand"}
{"level":"warn","message":"attempt to access no existing session on /addCommand"}
{"level":"info","message":"Connection. Method: POST, url: /commands/addCommand"}
{"level":"info","message":"Server started, listening on 80"}
{"level":"info","message":"Server started, listening on 80"}
{"level":"info","message":"Server started, listening on 80"}
{"level":"info","message":"Server started, listening on 80"}
{"level":"info","message":"Connection. Method: GET, url: /getKey"}
{"level":"info","message":"Connection. Method: GET, url: /getKey"}
{"level":"info","message":"Connection. Method: GET, url: /getKey"}
{"level":"error","message":"Invalid key type"}
{"level":"info","message":"Server started, listening on 80"}
{"level":"info","message":"Server started, listening on 80"}
{"level":"info","message":"Server started, listening on 80"}
{"level":"info","message":"Server started, listening on 80"}
{"level":"info","message":"Server started, listening on 80"}
{"level":"info","message":"Connection. Method: GET, url: /getKey"}
{"level":"error","message":"Invalid key type"}
{"level":"info","message":"Connection. Method: GET, url: /getKey"}
{"level":"info","message":"Connection. Method: POST, url: /createSession"}
{"level":"info","message":"Connection. Method: POST, url: /commands/addCommandExecutionResult"}
{"level":"warn","message":"TypeError: Cannot read property 'constructor' of undefined on /addCommandExecutionResult"}
{"level":"info","message":"Connection. Method: POST, url: /commands/addCommandExecutionResult"}
{"level":"warn","message":"TypeError: Cannot read property 'constructor' of undefined on /addCommandExecutionResult"}
{"level":"info","message":"Server started, listening on 80"}
{"level":"info","message":"Connection. Method: POST, url: /commands/addCommandExecutionResult"}
{"level":"info","message":"Server started, listening on 80"}
{"level":"info","message":"Connection. Method: POST, url: /commands/addCommandExecutionResult"}
{"level":"info","message":"Connection. Method: POST, url: /commands/addCommand"}
{"level":"error"}
{"level":"info","message":"Connection. Method: GET, url: /getKey"}
{"level":"info","message":"Connection. Method: POST, url: /commands/addCommand"}
{"level":"error"}
{"level":"info","message":"Connection. Method: POST, url: /commands/addCommand"}
{"level":"error"}
{"level":"info","message":"Connection. Method: POST, url: /commands/addCommand"}
{"level":"error"}
{"level":"info","message":"Connection. Method: POST, url: /commands/addCommand"}
{"level":"error"}
{"level":"info","message":"Server started, listening on 80"}
{"level":"info","message":"Connection. Method: POST, url: /commands/addCommand"}
{"level":"error"}
{"level":"info","message":"Server started, listening on 80"}
{"level":"info","message":"Connection. Method: POST, url: /commands/addCommand"}
{"level":"error"}
{"level":"info","message":"Connection. Method: POST, url: /commands/addCommandExecutionResult"}
{"level":"info","message":"Connection. Method: POST, url: /commands/addCommand"}
{"level":"error"}
{"level":"info","message":"Connection. Method: POST, url: /commands/addCommand"}
{"level":"info","message":"Server started, listening on 80"}
{"level":"info","message":"Connection. Method: POST, url: /commands/addCommand"}
