{"level":"error","message":"No valid in Key provided"}
{"level":"error","message":"No valid in Key provided"}
{"level":"error"}
{"level":"error"}
{"level":"error"}
{"level":"error"}
{"level":"error"}
{"level":"error"}
{"level":"error"}
{"level":"error"}
{"level":"error"}
{"level":"error"}
{"level":"error"}
{"level":"error"}
{"level":"error"}
{"level":"error","timestamp":"04:25:52 05-02-2022"}
{"level":"error"}
{"level":"error"}
{"level":"error"}
{"level":"error"}
{"level":"error"}
{"level":"error"}
{"level":"error"}
{"level":"error"}
{"level":"error"}
{"level":"error"}
{"level":"error"}
{"level":"error"}
{"level":"error"}
{"level":"error"}
{"level":"error"}
{"level":"error"}
{"level":"error"}
{"level":"error"}
{"level":"error"}
{"level":"error"}
{"level":"error"}
{"level":"error"}
{"level":"error","message":"invalid key type"}
{"level":"error"}
{"level":"error"}
{"level":"error","message":"Invalid key type"}
{"level":"error","message":"Invalid key type"}
{"level":"error"}
{"level":"error"}
{"level":"error"}
{"level":"error"}
{"level":"error"}
{"level":"error"}
{"level":"error"}
{"level":"error"}
{"level":"error","message":"Assignment to constant variable."}
{"level":"error","message":"TypeError: Assignment to constant variable.\n    at addCommand (C:\\Users\\patryk\\Desktop\\Projects\\RemoteCLI\\controllers\\addCommandToExecution.js:22:24)\n    at Layer.handle [as handle_request] (C:\\Users\\patryk\\Desktop\\Projects\\RemoteCLI\\node_modules\\express\\lib\\router\\layer.js:95:5)\n    at next (C:\\Users\\patryk\\Desktop\\Projects\\RemoteCLI\\node_modules\\express\\lib\\router\\route.js:137:13)\n    at Route.dispatch (C:\\Users\\patryk\\Desktop\\Projects\\RemoteCLI\\node_modules\\express\\lib\\router\\route.js:112:3)\n    at Layer.handle [as handle_request] (C:\\Users\\patryk\\Desktop\\Projects\\RemoteCLI\\node_modules\\express\\lib\\router\\layer.js:95:5)\n    at C:\\Users\\patryk\\Desktop\\Projects\\RemoteCLI\\node_modules\\express\\lib\\router\\index.js:281:22\n    at Function.process_params (C:\\Users\\patryk\\Desktop\\Projects\\RemoteCLI\\node_modules\\express\\lib\\router\\index.js:341:12)\n    at next (C:\\Users\\patryk\\Desktop\\Projects\\RemoteCLI\\node_modules\\express\\lib\\router\\index.js:275:10)\n    at Function.handle (C:\\Users\\patryk\\Desktop\\Projects\\RemoteCLI\\node_modules\\express\\lib\\router\\index.js:174:3)\n    at router (C:\\Users\\patryk\\Desktop\\Projects\\RemoteCLI\\node_modules\\express\\lib\\router\\index.js:47:12)"}
